\BOOKMARK [1][-]{section.0}{Introducci\363n}{}% 1
\BOOKMARK [2][-]{subsection.0.1}{Metolodog\355a de ense\361anza}{section.0}% 2
\BOOKMARK [2][-]{subsection.0.2}{Temario del curso por semana}{section.0}% 3
\BOOKMARK [2][-]{subsection.0.3}{Forma de evaluaci\363n}{section.0}% 4
\BOOKMARK [2][-]{subsection.0.4}{Bibliograf\355a recomendada para el curso}{section.0}% 5
\BOOKMARK [2][-]{subsection.0.5}{Otros recursos educativos}{section.0}% 6
\BOOKMARK [1][-]{section.1}{Campos, espacios vectoriales, interpretaci\363n geom\351trica de las operaciones esenciales de los espacios vectoriales y subespacios vectoriales}{}% 7
\BOOKMARK [2][-]{subsection.1.1}{Campos}{section.1}% 8
\BOOKMARK [3][-]{subsubsection.1.1.1}{Definici\363n de campo}{subsection.1.1}% 9
\BOOKMARK [3][-]{subsubsection.1.1.2}{El campo real}{subsection.1.1}% 10
\BOOKMARK [3][-]{subsubsection.1.1.3}{El campo complejo}{subsection.1.1}% 11
\BOOKMARK [2][-]{subsection.1.2}{Espacios vectoriales}{section.1}% 12
\BOOKMARK [3][-]{subsubsection.1.2.1}{Definici\363n de espacio vectorial}{subsection.1.2}% 13
\BOOKMARK [3][-]{subsubsection.1.2.2}{Ejemplos de espacios vectoriales}{subsection.1.2}% 14
\BOOKMARK [3][-]{subsubsection.1.2.3}{Algunos teoremas de espacios vectoriales}{subsection.1.2}% 15
\BOOKMARK [2][-]{subsection.1.3}{Interpretaci\363n geom\351trica de las operaciones esenciales de los espacios vectoriales}{section.1}% 16
\BOOKMARK [3][-]{subsubsection.1.3.1}{En el espacio vectorial real TEXT}{subsection.1.3}% 17
\BOOKMARK [3][-]{subsubsection.1.3.2}{En el espacio vectorial real TEXT}{subsection.1.3}% 18
\BOOKMARK [3][-]{subsubsection.1.3.3}{En el espacio vectorial complejo TEXT}{subsection.1.3}% 19
\BOOKMARK [2][-]{subsection.1.4}{Subespacios vectoriales}{section.1}% 20
\BOOKMARK [3][-]{subsubsection.1.4.1}{Definici\363n de subespacio vectorial}{subsection.1.4}% 21
\BOOKMARK [3][-]{subsubsection.1.4.2}{Ejemplos de subespacios vectoriales}{subsection.1.4}% 22
\BOOKMARK [3][-]{subsubsection.1.4.3}{Algunos teoremas de subespacios vectoriales}{subsection.1.4}% 23
\BOOKMARK [3][-]{subsubsection.1.4.4}{Suma y suma directa de espacios vectoriales}{subsection.1.4}% 24
\BOOKMARK [2][-]{subsection.1.5}{Ejercicios de repaso}{section.1}% 25
\BOOKMARK [3][-]{subsubsection.1.5.1}{Campos}{subsection.1.5}% 26
\BOOKMARK [3][-]{subsubsection.1.5.2}{Espacios vectoriales}{subsection.1.5}% 27
\BOOKMARK [3][-]{subsubsection.1.5.3}{Interpretacci\363n geom\351trica de los espacios vectoriales}{subsection.1.5}% 28
\BOOKMARK [3][-]{subsubsection.1.5.4}{Subespacios vectoriales}{subsection.1.5}% 29
\BOOKMARK [1][-]{section.2}{Producto escalar \(punto\), norma, interpretaci\363n geom\351trica del producto escalar: proyecciones y ortogonalidad, producto vectorial \(cruz\)* y triple producto escalar*}{}% 30
\BOOKMARK [2][-]{subsection.2.1}{Producto escalar \(punto\)}{section.2}% 31
\BOOKMARK [3][-]{subsubsection.2.1.1}{Definici\363n de producto escalar \(punto\)}{subsection.2.1}% 32
\BOOKMARK [3][-]{subsubsection.2.1.2}{Ejemplos de producto escalar en espacios vectoriales}{subsection.2.1}% 33
\BOOKMARK [3][-]{subsubsection.2.1.3}{Propiedades del producto escalar}{subsection.2.1}% 34
\BOOKMARK [2][-]{subsection.2.2}{Norma}{section.2}% 35
\BOOKMARK [3][-]{subsubsection.2.2.1}{Definici\363n de norma}{subsection.2.2}% 36
\BOOKMARK [3][-]{subsubsection.2.2.2}{Ejemplos de norma}{subsection.2.2}% 37
\BOOKMARK [3][-]{subsubsection.2.2.3}{Desigualdad de Cauchy-Schwarz}{subsection.2.2}% 38
\BOOKMARK [2][-]{subsection.2.3}{Interpretaci\363n geom\351trica del producto escalar: proyecciones y ortogonalidad}{section.2}% 39
\BOOKMARK [3][-]{subsubsection.2.3.1}{Producto escalar y proyecciones}{subsection.2.3}% 40
\BOOKMARK [3][-]{subsubsection.2.3.2}{Ortogonalidad}{subsection.2.3}% 41
\BOOKMARK [3][-]{subsubsection.2.3.3}{Vectores unitarios}{subsection.2.3}% 42
\BOOKMARK [2][-]{subsection.2.4}{Producto vectorial \(cruz\)*}{section.2}% 43
\BOOKMARK [3][-]{subsubsection.2.4.1}{Definici\363n del producto vectorial \(cruz\)}{subsection.2.4}% 44
\BOOKMARK [3][-]{subsubsection.2.4.2}{Propiedades del producto vectorial \(cruz\)}{subsection.2.4}% 45
\BOOKMARK [2][-]{subsection.2.5}{Triple producto escalar*}{section.2}% 46
\BOOKMARK [3][-]{subsubsection.2.5.1}{Definici\363n de triple producto escalar}{subsection.2.5}% 47
\BOOKMARK [3][-]{subsubsection.2.5.2}{Propiedades del triple producto escalar}{subsection.2.5}% 48
\BOOKMARK [2][-]{subsection.2.6}{Ejercicios de repaso}{section.2}% 49
\BOOKMARK [3][-]{subsubsection.2.6.1}{Producto escalar}{subsection.2.6}% 50
\BOOKMARK [3][-]{subsubsection.2.6.2}{Norma}{subsection.2.6}% 51
\BOOKMARK [3][-]{subsubsection.2.6.3}{Interpretaci\363n geom\351trica del producto escalar: proyecciones y ortogonalidad}{subsection.2.6}% 52
\BOOKMARK [3][-]{subsubsection.2.6.4}{Producto vectorial \(cruz\)*}{subsection.2.6}% 53
\BOOKMARK [3][-]{subsubsection.2.6.5}{Triple producto escalar*}{subsection.2.6}% 54
\BOOKMARK [1][-]{section.3}{Combinaciones lineales, subespacio generado y conjunto generador, dependencia e independencia lineal}{}% 55
\BOOKMARK [2][-]{subsection.3.1}{Combinaciones lineales}{section.3}% 56
\BOOKMARK [2][-]{subsection.3.2}{Subspacio generado y conjunto generador}{section.3}% 57
\BOOKMARK [2][-]{subsection.3.3}{Dependencia e independencia lineal}{section.3}% 58
\BOOKMARK [3][-]{subsubsection.3.3.1}{Definici\363n de dependencia e independencia lineal}{subsection.3.3}% 59
\BOOKMARK [3][-]{subsubsection.3.3.2}{Interpretaci\363n geom\351trica de la dependencia e independencia lineal}{subsection.3.3}% 60
\BOOKMARK [3][-]{subsubsection.3.3.3}{Algunos teoremas sobre dependencia e independencia lineal}{subsection.3.3}% 61
\BOOKMARK [2][-]{subsection.3.4}{Ejercicios de repaso}{section.3}% 62
\BOOKMARK [3][-]{subsubsection.3.4.1}{Combinaciones lineales}{subsection.3.4}% 63
\BOOKMARK [3][-]{subsubsection.3.4.2}{Subespacio generado y conjunto generador}{subsection.3.4}% 64
\BOOKMARK [3][-]{subsubsection.3.4.3}{Dependencia e independencia lineal}{subsection.3.4}% 65
\BOOKMARK [1][-]{section.4}{Bases, dimensi\363n, ortogonalizaci\363n y ortonormalizaci\363n}{}% 66
\BOOKMARK [2][-]{subsection.4.1}{Bases}{section.4}% 67
\BOOKMARK [3][-]{subsubsection.4.1.1}{Definici\363n de base}{subsection.4.1}% 68
\BOOKMARK [3][-]{subsubsection.4.1.2}{Ejemplos de bases}{subsection.4.1}% 69
\BOOKMARK [3][-]{subsubsection.4.1.3}{Teorema de reemplazamiento}{subsection.4.1}% 70
\BOOKMARK [2][-]{subsection.4.2}{Dimensi\363n}{section.4}% 71
\BOOKMARK [2][-]{subsection.4.3}{Ortogonalizaci\363n y ortonormalizaci\363n}{section.4}% 72
\BOOKMARK [3][-]{subsubsection.4.3.1}{Definiciones}{subsection.4.3}% 73
\BOOKMARK [3][-]{subsubsection.4.3.2}{Teorema de Gram-Schmidt}{subsection.4.3}% 74
\BOOKMARK [2][-]{subsection.4.4}{Ejercicios de repaso}{section.4}% 75
\BOOKMARK [3][-]{subsubsection.4.4.1}{Bases}{subsection.4.4}% 76
\BOOKMARK [3][-]{subsubsection.4.4.2}{Dimensi\363n}{subsection.4.4}% 77
\BOOKMARK [3][-]{subsubsection.4.4.3}{Ortogonalizaci\363n y ortonormalizaci\363n}{subsection.4.4}% 78
\BOOKMARK [1][-]{section.5}{Transformaciones lineales y sus representaciones matriciales}{}% 79
\BOOKMARK [1][-]{section.6}{Composici\363n de transformaciones lineales y multiplicaci\363n de matrices}{}% 80
\BOOKMARK [1][-]{section.7}{Invertibilidad e isomorfismos}{}% 81
\BOOKMARK [1][-]{section.8}{Matriz de cambio de base}{}% 82
\BOOKMARK [1][-]{section.9}{Eigenvectores y eigenvalores}{}% 83
\BOOKMARK [1][-]{section.10}{Diagonalizabilidad}{}% 84
\BOOKMARK [1][-]{section.11}{Introducci\363n a sistemas lineales de ecuaciones diferenciales}{}% 85
\BOOKMARK [2][-]{subsection.11.1}{Sistemas lineales de ecuaciones algebr\341icas}{section.11}% 86
\BOOKMARK [2][-]{subsection.11.2}{Introducci\363n a ecuaciones diferenciales \(ordinarias\)}{section.11}% 87
\BOOKMARK [2][-]{subsection.11.3}{Ecuaciones diferenciales \(ordinarias\) con condiciones inciales y sistemas lineales de ecuaciones diferenciales}{section.11}% 88
\BOOKMARK [2][-]{subsection.11.4}{Ejercicios de repaso}{section.11}% 89
\BOOKMARK [3][-]{subsubsection.11.4.1}{Sistemas lineales de ecuaciones algebr\341icas}{subsection.11.4}% 90
\BOOKMARK [3][-]{subsubsection.11.4.2}{Introducci\363n a ecuaciones diferenciales \(ordinarias\)}{subsection.11.4}% 91
\BOOKMARK [3][-]{subsubsection.11.4.3}{Ecuaciones diferenciales \(ordinarias\) con condiciones iniciales}{subsection.11.4}% 92
\BOOKMARK [3][-]{subsubsection.11.4.4}{Sistemas lineales de ecuaciones diferenciales \(ordinarias\)}{subsection.11.4}% 93
\BOOKMARK [1][-]{section.12}{Modelaci\363n con sistemas lineales de ecuaciones diferenciales}{}% 94
\BOOKMARK [1][-]{section.13}{Funcionales y espacio dual, complemento ortogonal y proyecciones ortogonales}{}% 95
\BOOKMARK [2][-]{subsection.13.1}{Funcionales y espacio dual}{section.13}% 96
\BOOKMARK [2][-]{subsection.13.2}{Correspondencia entre bras y kets}{section.13}% 97
\BOOKMARK [2][-]{subsection.13.3}{Complemento ortogonal}{section.13}% 98
\BOOKMARK [2][-]{subsection.13.4}{Proyecciones ortogonales}{section.13}% 99
\BOOKMARK [2][-]{subsection.13.5}{Ejercicios de repaso}{section.13}% 100
\BOOKMARK [3][-]{subsubsection.13.5.1}{Funcionales y espacio dual}{subsection.13.5}% 101
\BOOKMARK [3][-]{subsubsection.13.5.2}{Correspondencia entre bras y kets}{subsection.13.5}% 102
\BOOKMARK [3][-]{subsubsection.13.5.3}{Complemento ortogonal}{subsection.13.5}% 103
\BOOKMARK [3][-]{subsubsection.13.5.4}{Proyecciones ortogonales}{subsection.13.5}% 104
\BOOKMARK [1][-]{section.14}{Descomposici\363n espectral y operadores adjuntos}{}% 105
\BOOKMARK [2][-]{subsection.14.1}{Descomposici\363n espectral \(introducci\363n\)}{section.14}% 106
\BOOKMARK [2][-]{subsection.14.2}{Operadores adjuntos}{section.14}% 107
\BOOKMARK [2][-]{subsection.14.3}{Ejercicios de repaso}{section.14}% 108
\BOOKMARK [3][-]{subsubsection.14.3.1}{Descomposici\363n espectral \(introducci\363n\)}{subsection.14.3}% 109
\BOOKMARK [3][-]{subsubsection.14.3.2}{Operadores adjuntos}{subsection.14.3}% 110
\BOOKMARK [1][-]{section.15}{Operadores normales y autoadjuntos y teorema espectral}{}% 111
\BOOKMARK [2][-]{subsection.15.1}{Operadores normales}{section.15}% 112
\BOOKMARK [2][-]{subsection.15.2}{Operadores autoadjuntos}{section.15}% 113
\BOOKMARK [2][-]{subsection.15.3}{Teorema espectral}{section.15}% 114
\BOOKMARK [2][-]{subsection.15.4}{Ejercicios de repaso}{section.15}% 115
\BOOKMARK [3][-]{subsubsection.15.4.1}{Operadores normales}{subsection.15.4}% 116
\BOOKMARK [3][-]{subsubsection.15.4.2}{Operadores autoadjuntos}{subsection.15.4}% 117
\BOOKMARK [3][-]{subsubsection.15.4.3}{Teorema espectral}{subsection.15.4}% 118
