\BOOKMARK [1][-]{section.0}{Introducci\363n}{}% 1
\BOOKMARK [2][-]{subsection.0.1}{Objetivo general del curso}{section.0}% 2
\BOOKMARK [2][-]{subsection.0.2}{Forma de evaluaci\363n}{section.0}% 3
\BOOKMARK [2][-]{subsection.0.3}{Cronograma tentativo del curso}{section.0}% 4
\BOOKMARK [2][-]{subsection.0.4}{Bibliograf\355a recomendada del curso}{section.0}% 5
\BOOKMARK [1][-]{section.1}{Campos, espacios vectoriales, interpretaci\363n geom\351trica de las operaciones de los espacios vectoriales y subespacios vectoriales}{}% 6
\BOOKMARK [2][-]{subsection.1.1}{Campos}{section.1}% 7
\BOOKMARK [3][-]{subsubsection.1.1.1}{Definici\363n de campo}{subsection.1.1}% 8
\BOOKMARK [3][-]{subsubsection.1.1.2}{El campo R}{subsection.1.1}% 9
\BOOKMARK [3][-]{subsubsection.1.1.3}{El campo C}{subsection.1.1}% 10
\BOOKMARK [2][-]{subsection.1.2}{Espacios vectoriales}{section.1}% 11
\BOOKMARK [3][-]{subsubsection.1.2.1}{Definici\363n de espacio vectorial}{subsection.1.2}% 12
\BOOKMARK [3][-]{subsubsection.1.2.2}{Ejemplos de espacios vectoriales}{subsection.1.2}% 13
\BOOKMARK [3][-]{subsubsection.1.2.3}{Algunos teoremas de espacios vectoriales}{subsection.1.2}% 14
\BOOKMARK [2][-]{subsection.1.3}{Interpretaci\363n geom\351trica de las operaciones de los espacios vectoriales}{section.1}% 15
\BOOKMARK [3][-]{subsubsection.1.3.1}{En el espacio vectorial real R2}{subsection.1.3}% 16
\BOOKMARK [3][-]{subsubsection.1.3.2}{En el espacio vectorial real R3}{subsection.1.3}% 17
\BOOKMARK [3][-]{subsubsection.1.3.3}{En el espacio vectorial complejo C}{subsection.1.3}% 18
\BOOKMARK [2][-]{subsection.1.4}{Subespacios vectoriales}{section.1}% 19
\BOOKMARK [3][-]{subsubsection.1.4.1}{Definici\363n de subespacio vectorial}{subsection.1.4}% 20
\BOOKMARK [3][-]{subsubsection.1.4.2}{Ejemplos de subespacios vectoriales}{subsection.1.4}% 21
\BOOKMARK [3][-]{subsubsection.1.4.3}{Algunos teoremas de subespacios vectoriales}{subsection.1.4}% 22
\BOOKMARK [3][-]{subsubsection.1.4.4}{Suma y suma directa de espacios vectoriales}{subsection.1.4}% 23
\BOOKMARK [2][-]{subsection.1.5}{Ejercicios de repaso}{section.1}% 24
\BOOKMARK [3][-]{subsubsection.1.5.1}{Campos}{subsection.1.5}% 25
\BOOKMARK [3][-]{subsubsection.1.5.2}{Espacios vectoriales}{subsection.1.5}% 26
\BOOKMARK [3][-]{subsubsection.1.5.3}{Interpretaci\363n geom\351trica de las operaciones de los espacios vectoriales}{subsection.1.5}% 27
\BOOKMARK [3][-]{subsubsection.1.5.4}{Subespacios vectoriales}{subsection.1.5}% 28
\BOOKMARK [1][-]{section.2}{Producto escalar \(punto\), norma, proyecciones y ortogonalidad, producto vectorial \(cruz\)* y triple producto escalar*}{}% 29
\BOOKMARK [2][-]{subsection.2.1}{Producto escalar \(punto\)}{section.2}% 30
\BOOKMARK [3][-]{subsubsection.2.1.1}{Definici\363n de producto escalar \(punto\)}{subsection.2.1}% 31
\BOOKMARK [3][-]{subsubsection.2.1.2}{Ejemplos de producto escalar en espacios vectoriales}{subsection.2.1}% 32
\BOOKMARK [3][-]{subsubsection.2.1.3}{Propiedades del producto escalar}{subsection.2.1}% 33
\BOOKMARK [2][-]{subsection.2.2}{Norma}{section.2}% 34
\BOOKMARK [3][-]{subsubsection.2.2.1}{Definici\363n de norma}{subsection.2.2}% 35
\BOOKMARK [3][-]{subsubsection.2.2.2}{Ejemplos de norma}{subsection.2.2}% 36
\BOOKMARK [2][-]{subsection.2.3}{Proyecciones y ortogonalidad}{section.2}% 37
\BOOKMARK [2][-]{subsection.2.4}{Producto vectorial \(cruz\)*}{section.2}% 38
\BOOKMARK [3][-]{subsubsection.2.4.1}{Definici\363n del producto vectorial \(cruz\)}{subsection.2.4}% 39
\BOOKMARK [3][-]{subsubsection.2.4.2}{Propiedades del producto vectorial \(cruz\)}{subsection.2.4}% 40
\BOOKMARK [2][-]{subsection.2.5}{Triple producto escalar*}{section.2}% 41
\BOOKMARK [3][-]{subsubsection.2.5.1}{Definici\363n de triple producto escalar}{subsection.2.5}% 42
\BOOKMARK [3][-]{subsubsection.2.5.2}{Propiedades del triple producto escalar}{subsection.2.5}% 43
\BOOKMARK [2][-]{subsection.2.6}{Ejercicios de repaso}{section.2}% 44
\BOOKMARK [3][-]{subsubsection.2.6.1}{Producto escalar \(punto\)}{subsection.2.6}% 45
\BOOKMARK [3][-]{subsubsection.2.6.2}{Norma}{subsection.2.6}% 46
\BOOKMARK [3][-]{subsubsection.2.6.3}{Proyecciones y ortogonalidad}{subsection.2.6}% 47
\BOOKMARK [3][-]{subsubsection.2.6.4}{Producto vectorial \(cruz\)*}{subsection.2.6}% 48
\BOOKMARK [3][-]{subsubsection.2.6.5}{Triple producto escalar*}{subsection.2.6}% 49
\BOOKMARK [1][-]{section.3}{Combinaciones lineales, espacio generado y conjunto generador, dependencia e independencia lineal}{}% 50
