\BOOKMARK [1][-]{section.1}{Campos, espacios vectoriales, interpretaci\363n geom\351trica de las operaciones esenciales de los espacios vectoriales y subespacios vectoriales}{}% 1
\BOOKMARK [2][-]{subsection.1.1}{Campos}{section.1}% 2
\BOOKMARK [3][-]{subsubsection.1.1.1}{Definici\363n de campo}{subsection.1.1}% 3
\BOOKMARK [3][-]{subsubsection.1.1.2}{El campo real}{subsection.1.1}% 4
\BOOKMARK [3][-]{subsubsection.1.1.3}{El campo complejo}{subsection.1.1}% 5
\BOOKMARK [2][-]{subsection.1.2}{Espacios vectoriales}{section.1}% 6
\BOOKMARK [3][-]{subsubsection.1.2.1}{Definici\363n de espacio vectorial}{subsection.1.2}% 7
\BOOKMARK [3][-]{subsubsection.1.2.2}{Ejemplos de espacios vectoriales}{subsection.1.2}% 8
\BOOKMARK [3][-]{subsubsection.1.2.3}{Algunos teoremas de espacios vectoriales}{subsection.1.2}% 9
\BOOKMARK [2][-]{subsection.1.3}{Interpretaci\363n geom\351trica de las operaciones esenciales de los espacios vectoriales}{section.1}% 10
\BOOKMARK [3][-]{subsubsection.1.3.1}{En el espacio vectorial real TEXT}{subsection.1.3}% 11
\BOOKMARK [3][-]{subsubsection.1.3.2}{En el espacio vectorial real TEXT}{subsection.1.3}% 12
\BOOKMARK [3][-]{subsubsection.1.3.3}{En el espacio vectorial complejo TEXT}{subsection.1.3}% 13
\BOOKMARK [2][-]{subsection.1.4}{Subespacios vectoriales}{section.1}% 14
\BOOKMARK [3][-]{subsubsection.1.4.1}{Definici\363n de subespacio vectorial}{subsection.1.4}% 15
\BOOKMARK [3][-]{subsubsection.1.4.2}{Ejemplos de subespacios vectoriales}{subsection.1.4}% 16
\BOOKMARK [3][-]{subsubsection.1.4.3}{Algunos teoremas de subespacios vectoriales}{subsection.1.4}% 17
\BOOKMARK [3][-]{subsubsection.1.4.4}{Suma y suma directa de espacios vectoriales}{subsection.1.4}% 18
\BOOKMARK [2][-]{subsection.1.5}{Ejercicios de repaso}{section.1}% 19
\BOOKMARK [3][-]{subsubsection.1.5.1}{Campos}{subsection.1.5}% 20
\BOOKMARK [3][-]{subsubsection.1.5.2}{Espacios vectoriales}{subsection.1.5}% 21
\BOOKMARK [3][-]{subsubsection.1.5.3}{Interpretacci\363n geom\351trica de los espacios vectoriales}{subsection.1.5}% 22
\BOOKMARK [3][-]{subsubsection.1.5.4}{Subespacios vectoriales}{subsection.1.5}% 23
\BOOKMARK [1][-]{section.2}{Producto escalar \(punto\), norma, interpretaci\363n geom\351trica del producto escalar: proyecciones y ortogonalidad, producto vectorial \(cruz\)* y triple producto escalar*}{}% 24
\BOOKMARK [2][-]{subsection.2.1}{Producto escalar \(punto\)}{section.2}% 25
\BOOKMARK [3][-]{subsubsection.2.1.1}{Definici\363n de producto escalar \(punto\)}{subsection.2.1}% 26
\BOOKMARK [3][-]{subsubsection.2.1.2}{Ejemplos de producto escalar en espacios vectoriales}{subsection.2.1}% 27
\BOOKMARK [3][-]{subsubsection.2.1.3}{Propiedades del producto escalar}{subsection.2.1}% 28
\BOOKMARK [2][-]{subsection.2.2}{Norma}{section.2}% 29
\BOOKMARK [3][-]{subsubsection.2.2.1}{Definici\363n de norma}{subsection.2.2}% 30
\BOOKMARK [3][-]{subsubsection.2.2.2}{Ejemplos de norma}{subsection.2.2}% 31
\BOOKMARK [3][-]{subsubsection.2.2.3}{Desigualdad de Cauchy-Schwarz}{subsection.2.2}% 32
\BOOKMARK [2][-]{subsection.2.3}{Interpretaci\363n geom\351trica del producto escalar: proyecciones y ortogonalidad}{section.2}% 33
\BOOKMARK [3][-]{subsubsection.2.3.1}{Producto escalar y proyecciones}{subsection.2.3}% 34
\BOOKMARK [3][-]{subsubsection.2.3.2}{Ortogonalidad}{subsection.2.3}% 35
\BOOKMARK [3][-]{subsubsection.2.3.3}{Vectores unitarios}{subsection.2.3}% 36
\BOOKMARK [2][-]{subsection.2.4}{Producto vectorial \(cruz\)*}{section.2}% 37
\BOOKMARK [3][-]{subsubsection.2.4.1}{Definici\363n del producto vectorial \(cruz\)}{subsection.2.4}% 38
\BOOKMARK [3][-]{subsubsection.2.4.2}{Propiedades del producto vectorial \(cruz\)}{subsection.2.4}% 39
\BOOKMARK [2][-]{subsection.2.5}{Triple producto escalar*}{section.2}% 40
\BOOKMARK [3][-]{subsubsection.2.5.1}{Definici\363n de triple producto escalar}{subsection.2.5}% 41
\BOOKMARK [3][-]{subsubsection.2.5.2}{Propiedades del triple producto escalar}{subsection.2.5}% 42
\BOOKMARK [2][-]{subsection.2.6}{Ejercicios de repaso}{section.2}% 43
\BOOKMARK [3][-]{subsubsection.2.6.1}{Producto escalar}{subsection.2.6}% 44
\BOOKMARK [3][-]{subsubsection.2.6.2}{Norma}{subsection.2.6}% 45
\BOOKMARK [3][-]{subsubsection.2.6.3}{Interpretaci\363n geom\351trica del producto escalar: proyecciones y ortogonalidad}{subsection.2.6}% 46
\BOOKMARK [3][-]{subsubsection.2.6.4}{Producto vectorial \(cruz\)*}{subsection.2.6}% 47
\BOOKMARK [3][-]{subsubsection.2.6.5}{Triple producto escalar*}{subsection.2.6}% 48
\BOOKMARK [1][-]{section.3}{Combinaciones lineales, subespacio generado y conjunto generador, dependencia e independencia lineal}{}% 49
\BOOKMARK [2][-]{subsection.3.1}{Combinaciones lineales}{section.3}% 50
\BOOKMARK [2][-]{subsection.3.2}{Subspacio generado y conjunto generador}{section.3}% 51
\BOOKMARK [2][-]{subsection.3.3}{Dependencia e independencia lineal}{section.3}% 52
\BOOKMARK [3][-]{subsubsection.3.3.1}{Definici\363n de dependencia e independencia lineal}{subsection.3.3}% 53
\BOOKMARK [3][-]{subsubsection.3.3.2}{Interpretaci\363n geom\351trica de la dependencia e independencia lineal}{subsection.3.3}% 54
\BOOKMARK [3][-]{subsubsection.3.3.3}{Algunos teoremas sobre dependencia e independencia lineal}{subsection.3.3}% 55
\BOOKMARK [2][-]{subsection.3.4}{Ejercicios de repaso}{section.3}% 56
\BOOKMARK [3][-]{subsubsection.3.4.1}{Combinaciones lineales}{subsection.3.4}% 57
\BOOKMARK [3][-]{subsubsection.3.4.2}{Subespacio generado y conjunto generador}{subsection.3.4}% 58
\BOOKMARK [3][-]{subsubsection.3.4.3}{Dependencia e independencia lineal}{subsection.3.4}% 59
\BOOKMARK [1][-]{section.4}{Bases, dimensi\363n, ortogonalizaci\363n y ortonormalizaci\363n}{}% 60
\BOOKMARK [2][-]{subsection.4.1}{Bases}{section.4}% 61
\BOOKMARK [3][-]{subsubsection.4.1.1}{Definici\363n de base}{subsection.4.1}% 62
\BOOKMARK [3][-]{subsubsection.4.1.2}{Ejemplos de bases}{subsection.4.1}% 63
\BOOKMARK [3][-]{subsubsection.4.1.3}{Teorema de reemplazamiento}{subsection.4.1}% 64
\BOOKMARK [2][-]{subsection.4.2}{Dimensi\363n}{section.4}% 65
\BOOKMARK [2][-]{subsection.4.3}{Ortogonalizaci\363n y ortonormalizaci\363n}{section.4}% 66
\BOOKMARK [3][-]{subsubsection.4.3.1}{Definiciones}{subsection.4.3}% 67
\BOOKMARK [3][-]{subsubsection.4.3.2}{Teorema de Gram-Schmidt}{subsection.4.3}% 68
\BOOKMARK [2][-]{subsection.4.4}{Ejercicios de repaso}{section.4}% 69
\BOOKMARK [3][-]{subsubsection.4.4.1}{Bases}{subsection.4.4}% 70
\BOOKMARK [3][-]{subsubsection.4.4.2}{Dimensi\363n}{subsection.4.4}% 71
\BOOKMARK [3][-]{subsubsection.4.4.3}{Ortogonalizaci\363n y ortonormalizaci\363n}{subsection.4.4}% 72
\BOOKMARK [1][-]{section.5}{}{}% 73
\BOOKMARK [1][-]{section.6}{}{}% 74
\BOOKMARK [1][-]{section.7}{}{}% 75
\BOOKMARK [1][-]{section.8}{}{}% 76
\BOOKMARK [1][-]{section.9}{}{}% 77
\BOOKMARK [1][-]{section.10}{}{}% 78
\BOOKMARK [1][-]{section.11}{}{}% 79
\BOOKMARK [1][-]{section.12}{}{}% 80
\BOOKMARK [1][-]{section.13}{Complemento ortogonal, funcionales y espacio dual}{}% 81
\BOOKMARK [2][-]{subsection.13.1}{Complemento ortogonal}{section.13}% 82
\BOOKMARK [2][-]{subsection.13.2}{Funcionales y espacio dual}{section.13}% 83
\BOOKMARK [2][-]{subsection.13.3}{Correspondencia entre bras y kets}{section.13}% 84
\BOOKMARK [2][-]{subsection.13.4}{Ejercicios de repaso}{section.13}% 85
\BOOKMARK [3][-]{subsubsection.13.4.1}{Complemento ortogonal}{subsection.13.4}% 86
\BOOKMARK [3][-]{subsubsection.13.4.2}{Funcionales y espacio dual}{subsection.13.4}% 87
\BOOKMARK [3][-]{subsubsection.13.4.3}{Correspondencia entre bras y kets}{subsection.13.4}% 88
\BOOKMARK [1][-]{section.14}{Operadores lineales adjuntos}{}% 89
\BOOKMARK [1][-]{section.15}{Operadores lineales normales y autoadjuntos}{}% 90
\BOOKMARK [1][-]{section.16}{Operadores ortogonales y unitarios, proyecciones ortogonales y teorema espectral}{}% 91
