\BOOKMARK [1][-]{section.0}{Introducci\363n}{}% 1
\BOOKMARK [2][-]{subsection.0.1}{Forma de evaluaci\363n}{section.0}% 2
\BOOKMARK [2][-]{subsection.0.2}{Cronograma tentativo del curso}{section.0}% 3
\BOOKMARK [2][-]{subsection.0.3}{Bibliograf\355a recomendada para el curso}{section.0}% 4
\BOOKMARK [2][-]{subsection.0.4}{Otros recursos educativos}{section.0}% 5
\BOOKMARK [2][-]{subsection.0.5}{Notaci\363n}{section.0}% 6
\BOOKMARK [1][-]{section.1}{Campos, espacios vectoriales, interpretaci\363n geom\351trica de las operaciones de los espacios vectoriales y subespacios vectoriales}{}% 7
\BOOKMARK [2][-]{subsection.1.1}{Campos}{section.1}% 8
\BOOKMARK [3][-]{subsubsection.1.1.1}{Definici\363n de campo}{subsection.1.1}% 9
\BOOKMARK [3][-]{subsubsection.1.1.2}{El campo real}{subsection.1.1}% 10
\BOOKMARK [3][-]{subsubsection.1.1.3}{El campo complejo}{subsection.1.1}% 11
\BOOKMARK [2][-]{subsection.1.2}{Espacios vectoriales}{section.1}% 12
\BOOKMARK [3][-]{subsubsection.1.2.1}{Definici\363n de espacio vectorial}{subsection.1.2}% 13
\BOOKMARK [3][-]{subsubsection.1.2.2}{Ejemplos de espacios vectoriales}{subsection.1.2}% 14
\BOOKMARK [3][-]{subsubsection.1.2.3}{Algunos teoremas de espacios vectoriales}{subsection.1.2}% 15
\BOOKMARK [2][-]{subsection.1.3}{Interpretaci\363n geom\351trica de las operaciones de los espacios vectoriales}{section.1}% 16
\BOOKMARK [3][-]{subsubsection.1.3.1}{En el espacio vectorial real TEXT}{subsection.1.3}% 17
\BOOKMARK [3][-]{subsubsection.1.3.2}{En el espacio vectorial real TEXT}{subsection.1.3}% 18
\BOOKMARK [3][-]{subsubsection.1.3.3}{En el espacio vectorial complejo TEXT}{subsection.1.3}% 19
\BOOKMARK [2][-]{subsection.1.4}{Subespacios vectoriales}{section.1}% 20
\BOOKMARK [3][-]{subsubsection.1.4.1}{Definici\363n de subespacio vectorial}{subsection.1.4}% 21
\BOOKMARK [3][-]{subsubsection.1.4.2}{Ejemplos de subespacios vectoriales}{subsection.1.4}% 22
\BOOKMARK [3][-]{subsubsection.1.4.3}{Algunos teoremas de subespacios vectoriales}{subsection.1.4}% 23
\BOOKMARK [3][-]{subsubsection.1.4.4}{Suma y suma directa de espacios vectoriales}{subsection.1.4}% 24
\BOOKMARK [2][-]{subsection.1.5}{Ejercicios de repaso}{section.1}% 25
\BOOKMARK [3][-]{subsubsection.1.5.1}{Campos}{subsection.1.5}% 26
\BOOKMARK [3][-]{subsubsection.1.5.2}{Espacios vectoriales}{subsection.1.5}% 27
\BOOKMARK [3][-]{subsubsection.1.5.3}{Interpretacci\363n geom\351trica de los espacios vectoriales}{subsection.1.5}% 28
\BOOKMARK [3][-]{subsubsection.1.5.4}{Subespacios vectoriales}{subsection.1.5}% 29
\BOOKMARK [1][-]{section.2}{Producto escalar \(punto\), norma, interpretaci\363n geom\351trica del producto escalar: proyecciones y ortogonalidad, producto vectorial \(cruz\)* y triple producto escalar*}{}% 30
\BOOKMARK [2][-]{subsection.2.1}{Producto escalar \(punto\)}{section.2}% 31
\BOOKMARK [3][-]{subsubsection.2.1.1}{Definici\363n de producto escalar \(punto\)}{subsection.2.1}% 32
\BOOKMARK [3][-]{subsubsection.2.1.2}{Ejemplos de producto escalar en espacios vectoriales}{subsection.2.1}% 33
\BOOKMARK [3][-]{subsubsection.2.1.3}{Propiedades del producto escalar}{subsection.2.1}% 34
\BOOKMARK [2][-]{subsection.2.2}{Norma}{section.2}% 35
\BOOKMARK [3][-]{subsubsection.2.2.1}{Definici\363n de norma}{subsection.2.2}% 36
\BOOKMARK [3][-]{subsubsection.2.2.2}{Ejemplos de norma}{subsection.2.2}% 37
\BOOKMARK [3][-]{subsubsection.2.2.3}{Desigualdad de Cauchy-Schwarz}{subsection.2.2}% 38
\BOOKMARK [2][-]{subsection.2.3}{Interpretaci\363n geom\351trica del producto escalar: proyecciones y ortogonalidad}{section.2}% 39
\BOOKMARK [3][-]{subsubsection.2.3.1}{Producto vectorial \(cruz\)*}{subsection.2.3}% 40
\BOOKMARK [3][-]{subsubsection.2.3.2}{Definici\363n del producto vectorial \(cruz\)}{subsection.2.3}% 41
\BOOKMARK [3][-]{subsubsection.2.3.3}{Propiedades del producto vectorial \(cruz\)}{subsection.2.3}% 42
\BOOKMARK [2][-]{subsection.2.4}{Triple producto escalar*}{section.2}% 43
\BOOKMARK [3][-]{subsubsection.2.4.1}{Definici\363n de triple producto escalar}{subsection.2.4}% 44
\BOOKMARK [3][-]{subsubsection.2.4.2}{Propiedades del triple producto escalar}{subsection.2.4}% 45
\BOOKMARK [2][-]{subsection.2.5}{Ejercicios de repaso}{section.2}% 46
\BOOKMARK [3][-]{subsubsection.2.5.1}{Producto escalar}{subsection.2.5}% 47
\BOOKMARK [3][-]{subsubsection.2.5.2}{Norma}{subsection.2.5}% 48
\BOOKMARK [3][-]{subsubsection.2.5.3}{Interpretaci\363n geom\351trica del producto escalar: proyecciones y ortogonalidad}{subsection.2.5}% 49
\BOOKMARK [3][-]{subsubsection.2.5.4}{Producto vectorial \(cruz\)*}{subsection.2.5}% 50
\BOOKMARK [3][-]{subsubsection.2.5.5}{Triple producto escalar*}{subsection.2.5}% 51
\BOOKMARK [1][-]{section.3}{Combinaciones lineales, subespacio generado y conjunto generador, dependencia e independencia lineal}{}% 52
\BOOKMARK [2][-]{subsection.3.1}{Combinaciones lineales}{section.3}% 53
\BOOKMARK [2][-]{subsection.3.2}{Espacio generado y conjunto generador}{section.3}% 54
\BOOKMARK [2][-]{subsection.3.3}{Dependencia e independencia lineal}{section.3}% 55
\BOOKMARK [3][-]{subsubsection.3.3.1}{Definici\363n de dependencia e independencia lineal}{subsection.3.3}% 56
\BOOKMARK [3][-]{subsubsection.3.3.2}{Interpretaci\363n geom\351trica de la dependencia e independencia lineal}{subsection.3.3}% 57
\BOOKMARK [3][-]{subsubsection.3.3.3}{Algunos teoremas sobre dependencia e independencia lineal}{subsection.3.3}% 58
\BOOKMARK [2][-]{subsection.3.4}{Ejercicios de repaso}{section.3}% 59
\BOOKMARK [3][-]{subsubsection.3.4.1}{Combinaciones lineales}{subsection.3.4}% 60
\BOOKMARK [3][-]{subsubsection.3.4.2}{Subespacio generado y conjunto generador}{subsection.3.4}% 61
\BOOKMARK [3][-]{subsubsection.3.4.3}{Dependencia e independencia lineal}{subsection.3.4}% 62
\BOOKMARK [1][-]{section.4}{Bases, dimensi\363n, ortogonalizaci\363n y ortonormalizaci\363n}{}% 63
\BOOKMARK [2][-]{subsection.4.1}{Bases}{section.4}% 64
\BOOKMARK [3][-]{subsubsection.4.1.1}{Definici\363n de base}{subsection.4.1}% 65
\BOOKMARK [3][-]{subsubsection.4.1.2}{Ejemplos de bases}{subsection.4.1}% 66
\BOOKMARK [2][-]{subsection.4.2}{Dimensi\363n}{section.4}% 67
\BOOKMARK [2][-]{subsection.4.3}{Ortogonalizaci\363n y ortonormalizaci\363n}{section.4}% 68
\BOOKMARK [3][-]{subsubsection.4.3.1}{Definiciones}{subsection.4.3}% 69
\BOOKMARK [3][-]{subsubsection.4.3.2}{Teorema de Gram-Schmidt}{subsection.4.3}% 70
\BOOKMARK [3][-]{subsubsection.4.3.3}{Ejemplos de ortogonalizaci\363n y ortonormalizaci\363n}{subsection.4.3}% 71
\BOOKMARK [2][-]{subsection.4.4}{Ejercicios de repaso}{section.4}% 72
\BOOKMARK [3][-]{subsubsection.4.4.1}{Bases}{subsection.4.4}% 73
\BOOKMARK [3][-]{subsubsection.4.4.2}{Dimensi\363n}{subsection.4.4}% 74
\BOOKMARK [3][-]{subsubsection.4.4.3}{Ortogonalizaci\363n y ortonormalizaci\363n}{subsection.4.4}% 75
\BOOKMARK [1][-]{section.5}{Definici\363n de transformaci\363n lineal y espacio de transformaciones lineales, n\372cleo e imagen de una transformaci\363n lineal}{}% 76
\BOOKMARK [2][-]{subsection.5.1}{Definici\363n de transformaci\363n lineal y espacio de transformaciones lineales}{section.5}% 77
\BOOKMARK [3][-]{subsubsection.5.1.1}{Definici\363n de transformaci\363n lineal}{subsection.5.1}% 78
\BOOKMARK [3][-]{subsubsection.5.1.2}{Ejemplos de transformaciones lineales}{subsection.5.1}% 79
\BOOKMARK [3][-]{subsubsection.5.1.3}{Espacio de transformaciones lineales}{subsection.5.1}% 80
\BOOKMARK [2][-]{subsection.5.2}{N\372cleo e imagen de una transformaci\363n lineal}{section.5}% 81
\BOOKMARK [2][-]{subsection.5.3}{Ejercicios de repaso}{section.5}% 82
\BOOKMARK [3][-]{subsubsection.5.3.1}{Definici\363n de transformaci\363n lineal y espacio de transformaciones lineales}{subsection.5.3}% 83
\BOOKMARK [3][-]{subsubsection.5.3.2}{N\372cleo e imagen de una transformaci\363n lineal}{subsection.5.3}% 84
