\BOOKMARK [1][-]{section.1}{Introducci\363n}{}% 1
\BOOKMARK [2][-]{subsection.1.1}{Metolodog\355a de ense\361anza}{section.1}% 2
\BOOKMARK [2][-]{subsection.1.2}{Forma de evaluaci\363n}{section.1}% 3
\BOOKMARK [1][-]{section.2}{Cronograma tentativo y bibliograf\355a}{}% 4
\BOOKMARK [2][-]{subsection.2.1}{Cronograma tentativo del curso}{section.2}% 5
\BOOKMARK [2][-]{subsection.2.2}{Bibliograf\355a recomendada para el curso}{section.2}% 6
\BOOKMARK [2][-]{subsection.2.3}{Otros recursos educativos}{section.2}% 7
\BOOKMARK [1][-]{section.3}{Campos, espacios vectoriales, interpretaci\363n geom\351trica de las operaciones esenciales de los espacios vectoriales y subespacios vectoriales}{}% 8
\BOOKMARK [2][-]{subsection.3.1}{Campos}{section.3}% 9
\BOOKMARK [3][-]{subsubsection.3.1.1}{Definici\363n de campo}{subsection.3.1}% 10
\BOOKMARK [3][-]{subsubsection.3.1.2}{El campo real}{subsection.3.1}% 11
\BOOKMARK [3][-]{subsubsection.3.1.3}{El campo complejo}{subsection.3.1}% 12
\BOOKMARK [2][-]{subsection.3.2}{Espacios vectoriales}{section.3}% 13
\BOOKMARK [3][-]{subsubsection.3.2.1}{Definici\363n de espacio vectorial}{subsection.3.2}% 14
\BOOKMARK [3][-]{subsubsection.3.2.2}{Ejemplos de espacios vectoriales}{subsection.3.2}% 15
\BOOKMARK [3][-]{subsubsection.3.2.3}{Algunos teoremas de espacios vectoriales}{subsection.3.2}% 16
\BOOKMARK [2][-]{subsection.3.3}{Interpretaci\363n geom\351trica de las operaciones esenciales de los espacios vectoriales}{section.3}% 17
\BOOKMARK [3][-]{subsubsection.3.3.1}{En el espacio vectorial real TEXT}{subsection.3.3}% 18
\BOOKMARK [3][-]{subsubsection.3.3.2}{En el espacio vectorial real TEXT}{subsection.3.3}% 19
\BOOKMARK [3][-]{subsubsection.3.3.3}{En el espacio vectorial complejo TEXT}{subsection.3.3}% 20
\BOOKMARK [2][-]{subsection.3.4}{Subespacios vectoriales}{section.3}% 21
\BOOKMARK [3][-]{subsubsection.3.4.1}{Definici\363n de subespacio vectorial}{subsection.3.4}% 22
\BOOKMARK [3][-]{subsubsection.3.4.2}{Ejemplos de subespacios vectoriales}{subsection.3.4}% 23
\BOOKMARK [3][-]{subsubsection.3.4.3}{Algunos teoremas de subespacios vectoriales}{subsection.3.4}% 24
\BOOKMARK [3][-]{subsubsection.3.4.4}{Suma y suma directa de espacios vectoriales}{subsection.3.4}% 25
\BOOKMARK [2][-]{subsection.3.5}{Ejercicios de repaso}{section.3}% 26
\BOOKMARK [3][-]{subsubsection.3.5.1}{Campos}{subsection.3.5}% 27
\BOOKMARK [3][-]{subsubsection.3.5.2}{Espacios vectoriales}{subsection.3.5}% 28
\BOOKMARK [3][-]{subsubsection.3.5.3}{Interpretacci\363n geom\351trica de los espacios vectoriales}{subsection.3.5}% 29
\BOOKMARK [3][-]{subsubsection.3.5.4}{Subespacios vectoriales}{subsection.3.5}% 30
\BOOKMARK [1][-]{section.4}{Producto escalar \(punto\), norma, interpretaci\363n geom\351trica del producto escalar: proyecciones y ortogonalidad, producto vectorial \(cruz\)* y triple producto escalar*}{}% 31
\BOOKMARK [2][-]{subsection.4.1}{Producto escalar \(punto\)}{section.4}% 32
\BOOKMARK [3][-]{subsubsection.4.1.1}{Definici\363n de producto escalar \(punto\)}{subsection.4.1}% 33
\BOOKMARK [3][-]{subsubsection.4.1.2}{Ejemplos de producto escalar en espacios vectoriales}{subsection.4.1}% 34
\BOOKMARK [3][-]{subsubsection.4.1.3}{Propiedades del producto escalar}{subsection.4.1}% 35
\BOOKMARK [2][-]{subsection.4.2}{Norma}{section.4}% 36
\BOOKMARK [3][-]{subsubsection.4.2.1}{Definici\363n de norma}{subsection.4.2}% 37
\BOOKMARK [3][-]{subsubsection.4.2.2}{Ejemplos de norma}{subsection.4.2}% 38
\BOOKMARK [3][-]{subsubsection.4.2.3}{Desigualdad de Cauchy-Schwarz}{subsection.4.2}% 39
\BOOKMARK [2][-]{subsection.4.3}{Interpretaci\363n geom\351trica del producto escalar: proyecciones y ortogonalidad}{section.4}% 40
\BOOKMARK [3][-]{subsubsection.4.3.1}{Producto escalar y proyecciones}{subsection.4.3}% 41
\BOOKMARK [3][-]{subsubsection.4.3.2}{Ortogonalidad}{subsection.4.3}% 42
\BOOKMARK [3][-]{subsubsection.4.3.3}{Vectores unitarios}{subsection.4.3}% 43
\BOOKMARK [2][-]{subsection.4.4}{Producto vectorial \(cruz\)*}{section.4}% 44
\BOOKMARK [3][-]{subsubsection.4.4.1}{Definici\363n del producto vectorial \(cruz\)}{subsection.4.4}% 45
\BOOKMARK [3][-]{subsubsection.4.4.2}{Propiedades del producto vectorial \(cruz\)}{subsection.4.4}% 46
\BOOKMARK [2][-]{subsection.4.5}{Triple producto escalar*}{section.4}% 47
\BOOKMARK [3][-]{subsubsection.4.5.1}{Definici\363n de triple producto escalar}{subsection.4.5}% 48
\BOOKMARK [3][-]{subsubsection.4.5.2}{Propiedades del triple producto escalar}{subsection.4.5}% 49
\BOOKMARK [2][-]{subsection.4.6}{Ejercicios de repaso}{section.4}% 50
\BOOKMARK [3][-]{subsubsection.4.6.1}{Producto escalar}{subsection.4.6}% 51
\BOOKMARK [3][-]{subsubsection.4.6.2}{Norma}{subsection.4.6}% 52
\BOOKMARK [3][-]{subsubsection.4.6.3}{Interpretaci\363n geom\351trica del producto escalar: proyecciones y ortogonalidad}{subsection.4.6}% 53
\BOOKMARK [3][-]{subsubsection.4.6.4}{Producto vectorial \(cruz\)*}{subsection.4.6}% 54
\BOOKMARK [3][-]{subsubsection.4.6.5}{Triple producto escalar*}{subsection.4.6}% 55
\BOOKMARK [1][-]{section.5}{Combinaciones lineales, subespacio generado y conjunto generador, dependencia e independencia lineal}{}% 56
\BOOKMARK [2][-]{subsection.5.1}{Combinaciones lineales}{section.5}% 57
\BOOKMARK [2][-]{subsection.5.2}{Subspacio generado y conjunto generador}{section.5}% 58
\BOOKMARK [2][-]{subsection.5.3}{Dependencia e independencia lineal}{section.5}% 59
\BOOKMARK [3][-]{subsubsection.5.3.1}{Definici\363n de dependencia e independencia lineal}{subsection.5.3}% 60
\BOOKMARK [3][-]{subsubsection.5.3.2}{Interpretaci\363n geom\351trica de la dependencia e independencia lineal}{subsection.5.3}% 61
\BOOKMARK [3][-]{subsubsection.5.3.3}{Algunos teoremas sobre dependencia e independencia lineal}{subsection.5.3}% 62
\BOOKMARK [2][-]{subsection.5.4}{Ejercicios de repaso}{section.5}% 63
\BOOKMARK [3][-]{subsubsection.5.4.1}{Combinaciones lineales}{subsection.5.4}% 64
\BOOKMARK [3][-]{subsubsection.5.4.2}{Subespacio generado y conjunto generador}{subsection.5.4}% 65
\BOOKMARK [3][-]{subsubsection.5.4.3}{Dependencia e independencia lineal}{subsection.5.4}% 66
\BOOKMARK [1][-]{section.6}{Bases, dimensi\363n, ortogonalizaci\363n y ortonormalizaci\363n}{}% 67
\BOOKMARK [2][-]{subsection.6.1}{Bases}{section.6}% 68
\BOOKMARK [3][-]{subsubsection.6.1.1}{Definici\363n de base}{subsection.6.1}% 69
\BOOKMARK [3][-]{subsubsection.6.1.2}{Ejemplos de bases}{subsection.6.1}% 70
\BOOKMARK [3][-]{subsubsection.6.1.3}{Teorema de reemplazamiento}{subsection.6.1}% 71
\BOOKMARK [2][-]{subsection.6.2}{Dimensi\363n}{section.6}% 72
\BOOKMARK [2][-]{subsection.6.3}{Ortogonalizaci\363n y ortonormalizaci\363n}{section.6}% 73
\BOOKMARK [3][-]{subsubsection.6.3.1}{Definiciones}{subsection.6.3}% 74
\BOOKMARK [3][-]{subsubsection.6.3.2}{Teorema de Gram-Schmidt}{subsection.6.3}% 75
\BOOKMARK [2][-]{subsection.6.4}{Ejercicios de repaso}{section.6}% 76
\BOOKMARK [3][-]{subsubsection.6.4.1}{Bases}{subsection.6.4}% 77
\BOOKMARK [3][-]{subsubsection.6.4.2}{Dimensi\363n}{subsection.6.4}% 78
\BOOKMARK [3][-]{subsubsection.6.4.3}{Ortogonalizaci\363n y ortonormalizaci\363n}{subsection.6.4}% 79
\BOOKMARK [1][-]{section.7}{Definici\363n de transformaci\363n lineal y espacio de transformaciones lineales, n\372cleo e imagen de una transformaci\363n lineal, nulidad y rango}{}% 80
\BOOKMARK [2][-]{subsection.7.1}{Definici\363n de transformaci\363n lineal y espacio de transformaciones lineales}{section.7}% 81
\BOOKMARK [3][-]{subsubsection.7.1.1}{Definici\363n de transformaci\363n lineal}{subsection.7.1}% 82
\BOOKMARK [3][-]{subsubsection.7.1.2}{Ejemplos de transformaciones lineales}{subsection.7.1}% 83
\BOOKMARK [3][-]{subsubsection.7.1.3}{Espacio de transformaciones lineales}{subsection.7.1}% 84
\BOOKMARK [2][-]{subsection.7.2}{N\372cleo e imagen de una transformaci\363n lineal}{section.7}% 85
\BOOKMARK [2][-]{subsection.7.3}{Nulidad y rango}{section.7}% 86
\BOOKMARK [2][-]{subsection.7.4}{Ejercicios de repaso}{section.7}% 87
\BOOKMARK [3][-]{subsubsection.7.4.1}{Definici\363n de transformaci\363n lineal y espacio de transformaciones lineales}{subsection.7.4}% 88
\BOOKMARK [3][-]{subsubsection.7.4.2}{N\372cleo e imagen de una transformaci\363n lineal}{subsection.7.4}% 89
\BOOKMARK [3][-]{subsubsection.7.4.3}{Nulidad y rango}{subsection.7.4}% 90
\BOOKMARK [1][-]{section.8}{Composici\363n de transformaciones lineales, transformaci\363n lineal inversa y representaci\363n matricial de una transformaci\363n lineal}{}% 91
\BOOKMARK [2][-]{subsection.8.1}{Composici\363n de transformaciones lineales}{section.8}% 92
\BOOKMARK [2][-]{subsection.8.2}{Transformaci\363n lineal inversa}{section.8}% 93
\BOOKMARK [2][-]{subsection.8.3}{Espacios vectoriales isomorfos}{section.8}% 94
\BOOKMARK [2][-]{subsection.8.4}{Representaci\363n de un vector en una base ordenada}{section.8}% 95
\BOOKMARK [2][-]{subsection.8.5}{Representaci\363n matricial de una transformaci\363n lineal}{section.8}% 96
\BOOKMARK [2][-]{subsection.8.6}{Ejercicios de repaso}{section.8}% 97
\BOOKMARK [3][-]{subsubsection.8.6.1}{Composici\363n de transformaciones lineales}{subsection.8.6}% 98
\BOOKMARK [3][-]{subsubsection.8.6.2}{Transformaci\363n lineal inversa}{subsection.8.6}% 99
\BOOKMARK [3][-]{subsubsection.8.6.3}{Espacios vectoriales isomorfos}{subsection.8.6}% 100
\BOOKMARK [3][-]{subsubsection.8.6.4}{Representaci\363n de un vector en una base ordenada}{subsection.8.6}% 101
\BOOKMARK [3][-]{subsubsection.8.6.5}{Representaci\363n matricial de una transformaci\363n lineal}{subsection.8.6}% 102
